<?xml version="1.0" encoding="UTF-8"?>
<testsuite xmlns:xsi="http://www.w3.org/2001/XMLSchema-instance" xsi:noNamespaceSchemaLocation="https://maven.apache.org/surefire/maven-surefire-plugin/xsd/surefire-test-report-3.0.xsd" version="3.0" name="sbtech.NG.TestNG" time="0.588" tests="1" errors="0" skipped="0" failures="0">
  <properties>
[...]
</properties>
  <testcase name="homepageRendersSuccessfully" classname="sbtech.NG.TestNG" time="0.571">
    <system-err><![CDATA[[main] INFO org.apache.wicket.Application - [WicketTesterApplication-d8a4c19d-88ad-4da3-8288-01d5399e3d71] init: Wicket extensions initializer
[main] INFO org.apache.wicket.Application - [WicketTesterApplication-d8a4c19d-88ad-4da3-8288-01d5399e3d71] init: Wicket core library initializer
[main] INFO wicket-jquery-selectors - initialize wicket jquery selectors with given settings: de.agilecoders.wicket.jquery.settings.WicketJquerySelectorsSettings@5cde6747
[main] INFO wicket-webjars - initialize wicket webjars with given settings: WebjarsSettings{readFromCacheTimeout=PT3S, resourceStreamProvider=de.agilecoders.wicket.webjars.settings.ResourceStreamProvider$1@fade1fc, recentVersionPlaceHolder='current', assetPathCollectors=[de.agilecoders.wicket.webjars.collectors.ClasspathAssetPathCollector@17a1e4ca, de.agilecoders.wicket.webjars.collectors.VfsAssetPathCollector@10ded6a9, de.agilecoders.wicket.webjars.collectors.FileAssetPathCollector@c5dc4a2], webjarsPackage='META-INF.resources.webjars', webjarsPath='META-INF/resources/webjars', resourcePattern=META-INF/resources/webjars/.*, webjarsPathPattern=/webjars/([^\/]*)\/([^\/]*)\/(.*), useCdnResources=false, cdnUrl='//cdn.jsdelivr.net:80/webjars/org.webjars'}
]]></system-err>
  </testcase>
</testsuite>